91218600
58565376
14038920
305877546
3811500
85370800
117044928
513348864
237217463
41784926
438894900
227692080
36515388
18841680
452804255
325889248
74242224
324213000
158528448
83134080
127052996
161554176
131172882
67073048
2587392
331009280
47987429
150291216
169527576
262456860
59343328
377210496
77087188
100502748
106343424
135993000
466988669
442168730
25367760
115883040
206818596
135073920
113125312
295099200
17811828
226829988
305800800
160509456
130660912
180972000
5581728
89420064
202956528
149022720
20433600
108942909
60028848
5027328
266681208
51489360
48552000
11796272
441628046
28543872
211060608
115216600
95125968
148440600
129381120
105623222
397440000
284899224
260859552
20302144
100855640
61033536
305701800
87581280
229364784
132451200
208062648
55617408
146459032
251687520
163259328
33206112
16364700
220392340
51433536
203449536
31421400
11840481
178200000
212879520
298968000
325639440
147968920
500363100
249984000
465106916
169636992
42293664
7938562
106174800
335301120
228820800
1139620
52578432
125112096
24844032
482436258
40803710
205262748
102172176
100239192
4283848
109305036
287704074
253456560
256592952
239386112
203954616
123076800
142022160
73530080
380508840
320449056
46488096
311176776
145926144
243398496
206186376
241931088
45871124
84028032
316737576
318977592
255301632
303592320
328532415
409354353
228184776
85055472
90316820
4913568
487978064
221063304
71750400
63045236
326646840
140349792
41002416
488099381
148925304
176319660
164277252
478514400
35143752
313185600
322254288
445447080
52124040
212757402
97110000
204845328
292454400
40755119
329458860
188181665
68591040
130233600
247270944
259711596
235952400
227979879
314708240
523912860
196209600
52701264
93790098
151534656
40941600
258078060
161573020
470064672
480225522
140021860
210171780
177601932
38548224
4920600
144688896
260324168
101849388
182295360
104419530
170807340
190771200
492569132
133817200
119285600
56037600
369460224
179939200
100157760
110573520
251735616
405527616
153318053
87180480
258914904
86413680
187399464
208108800
122070240
129984952
209945550
143691828
132491520
97003260
395273168
435483360
61362712
87939548
80138422
243818016
28148400
187424712
6706424
127677060
3470688
45360000
143977719
109844144
521596584
127528464
316192100
146894656
48219576
100087914
288167600
233619456
330507540
47701620
63005040
324512892
51000192
383631329
403196598
90892350
79868160
272424803
63009792
14416704
179591328
275224180
343810098
29924076
197483520
232335908
89407296
115461302
81869184
527855240
296881200
85070520
145719000
104766974
13875456
261529632
241920000
124614000
128598336
437439888
132329952
210747698
37637868
84915200
19974240
265805568
455076600
28720440
222293376
44343552
247659636
316323968
280146160
240217222
39444570
198955680
85932000
328971998
74651056
275887910
222566400
193395342
371193300
53468496
112392072
63342520
29363540
470668536
49784112
313657344
109670400
233560548
12640320
125737920
399801528
184855316
234182208
95712
181929888
115259760
53044992
5155176
323197752
365404158
108433080
135184896
163946640
189915000
141780240
120141360
198546712
61632000
118471040
225878400
205655472
221390576
11205440
111710020
99276768
233499312
220659144
233452000
96103680
505414500
265563240
111383232
96629760
86123796
29570280
448691892
213263820
31198608
8768032
208712040
14818048
18095616
105746080
59877060
17409528
26572860
192353616
153377224
54730745
84008610
62118468
331377093
151510752
128293632
230795136
130962300
138241536
160753152
169361280
200543638
198934908
185461470
157325448
84430080
120416880
12794220
133899040
463034880
264233088
71352800
308800800
30233022
161049735
327412800
141953064
65775024
96857600
117889680
105245933
164462508
237362400
154830420
70632000
272551158
2394080
257762880
7579026
431323200
85095648
205858752
145031040
132042240
157183280
114187878
346440983
81577080
89616720
28862490
438298784
157129260
200606886
45576432
79713408
63968364
95710208
222265824
134764968
348321120
239113836
83795856
99840000
30726080
108206730
19807056
11400264
386553168
47368131
97751808
190406052
122027360
311740560
52691520
91968192
262418940
18949728
61203456
218050560
301564293
64150104
227593800
7760160
125386090
233668800
81936360
24718848
111841548
100054656
6634800
156472408
72425136
265214628
68486560
180016548
343047432
221774976
237756036
99196581
24011441
151632000
355948992
140277530
22066140
121306304
240403968
286450200
7005396
110539440
138055200
231430338
53856000
228146256
111033000
19644480
65579868
149537610
163793694
48853600
53086968
90136254
9680352
27999648
115204716
151570944
147744000
263204136
458524800
168920640
316851084
208997544
26015420
225295800
199140480
148291200
375677496
69033120
223476480
226517760
35653376
146496744
9617040
242911680
102801600
97973712
16534884
175140065
157702596
88407360
533168352
43928472
103453200
70366630
242614058
464310000
172011216
446726000
320871880
96348672
86292000
176997596
41925808
3699168
211912320
88180224
286148664
22756608
236751676
236735664
241571760
128502502
166889736
26814759
88288768
144817464
99282144
248611986
27607800
33116592
197675136
242655360
359441280
235014912
98458416
42589604
73707840
148308864
120817664
76315608
203277600
204974280
297266880
242552110
47811456
143102736
5129436
267215316
10562400
52515660
228539968
293448060
85037592
474090512
63504000
7335380
253002960
196980000
108847200
121547536
211032213
42573876
258106620
108529760
6366720
209097064
157373928
127041696
34527360
63227736
121409280
241241772
175236960
132907904
296416080
92411008
74188800
106999200
54329808
1331424
18364130
493332000
178005562
265104195
65996480
24020976
152195220
72383814
236349216
237709056
154006380
87081600
288378226
22533336
33417063
226814952
169904756
9534144
64160952
219179664
120457008
115847424
2270520
124758144
75240648
93124640
12386880
120918652
138475104
66176460
199185060
176481140
125773952
92898936
42881184
136604160
73905120
51485112
428622600
113799168
319133796
195163200
216167616
129837600
418227876
393940712
282842208
452789675
348101628
244500018
341607684
59872800
252932160
194303780
101808560
60435558
90791680
68218524
36279360
312560640
120383928
28609380
114550480
147058800
105729104
166677804
131710140
61465320
152616960
113924888
112867464
214096104
238240800
15667200
235407380
88584192
28837248
147893760
299365228
250419390
83841048
