1
1
2
1
3
2
3
2
5
2
6
3
4
4
8
3
9
4
6
5
11
4
10
6
9
6
14
4
15
8
10
8
12
6
18
9
12
8
20
6
21
10
12
11
23
8
21
10
16
12
26
9
20
12
18
14
29
8
30
15
18
16
24
10
33
16
22
12
35
12
36
18
20
18
30
12
39
16
27
20
41
12
32
21
28
20
44
12
36
22
30
23
36
16
48
21
30
20
50
16
51
24
24
26
53
18
54
20
36
24
56
18
44
28
36
29
48
16
55
30
40
30
50
18
63
32
42
24
65
20
54
33
36
32
68
22
69
24
46
35
60
24
56
36
42
36
74
20
75
36
48
30
60
24
78
39
52
32
66
27
81
40
40
41
83
24
78
32
54
42
86
28
60
40
58
44
89
24
90
36
60
44
72
30
80
46
54
36
95
32
96
48
48
42
98
30
99
40
66
50
84
32
80
51
66
48
90
24
105
52
70
53
84
36
90
54
72
40
96
36
111
48
60
56
113
36
114
44
60
56
116
36
92
58
78
48
119
32
120
55
81
60
84
40
108
60
82
50
125
36
110
63
64
64
128
42
108
48
84
65
131
40
104
54
88
66
134
36
135
64
72
68
100
44
138
69
90
48
140
46
141
70
72
60
120
48
136
56
96
72
146
42
116
72
90
74
132
40
126
75
100
72
120
48
153
60
102
60
155
48
156
78
72
78
158
52
140
64
106
66
144
54
120
81
108
80
138
40
165
82
108
83
132
48
168
78
112
64
150
54
147
84
88
86
173
56
174
60
108
80
176
58
140
88
96
89
179
48
171
90
110
72
144
60
183
88
120
72
156
60
186
80
100
92
168
54
189
72
126
95
191
64
120
96
126
96
194
48
176
84
130
98
156
60
198
99
108
80
200
66
180
100
108
84
180
64
204
80
136
102
174
66
164
96
138
90
209
48
210
105
138
104
160
70
180
106
120
84
215
72
216
90
112
108
198
72
219
80
126
96
221
72
176
111
148
96
224
60
200
112
150
113
144
72
228
114
144
88
230
60
231
112
120
116
233
72
198
92
156
116
210
78
180
96
156
119
239
64
216
120
132
110
192
81
243
120
162
84
245
80
224
108
120
120
210
82
249
100
166
125
251
72
200
110
156
126
254
64
216
128
162
128
204
84
230
108
172
96
260
84
261
130
120
131
240
80
253
104
174
108
240
88
212
132
178
134
210
72
270
135
180
128
216
72
273
136
180
100
252
88
234
138
144
138
278
90
252
96
160
140
281
92
224
141
162
140
284
72
285
120
190
120
220
96
288
136
192
112
246
96
260
144
144
146
293
84
270
116
196
144
296
90
192
148
198
132
299
80
300
126
198
150
220
100
303
144
168
120
276
96
306
153
160
120
308
102
309
120
198
155
264
96
250
156
180
156
288
72
315
156
210
158
252
104
252
140
210
128
320
106
321
132
168
144
323
108
290
120
180
162
326
108
260
160
216
138
329
80
330
165
192
164
216
108
308
166
